Date - Thu, 01 Jun 2023 12:09:29 GMT | Method - GET | URL - / | Status - 200
Date - Thu, 01 Jun 2023 12:09:29 GMT | Method - GET | URL - /stylesheets/style.css | Status - 304
Date - Wed, 07 Jun 2023 01:42:47 GMT | Method - GET | URL - / | Status - 200
Date - Wed, 07 Jun 2023 01:42:47 GMT | Method - GET | URL - /stylesheets/style.css | Status - 304
Date - Wed, 07 Jun 2023 01:43:30 GMT | Method - GET | URL - / | Status - 200
Date - Wed, 07 Jun 2023 01:43:30 GMT | Method - GET | URL - /stylesheets/style.css | Status - 304
Date - Wed, 07 Jun 2023 01:46:39 GMT | Method - GET | URL - /qwerty | Status - 404
Date - Wed, 07 Jun 2023 02:04:29 GMT | Method - GET | URL - /qwerty | Status - 404
Date - Wed, 07 Jun 2023 02:04:33 GMT | Method - GET | URL - /qwerty | Status - 404
Date - Wed, 07 Jun 2023 02:06:23 GMT | Method - GET | URL - /qwerty | Status - 404
Date - Wed, 07 Jun 2023 02:06:23 GMT | Method - GET | URL - /stylesheets/style.css | Status - 304
Date - Wed, 07 Jun 2023 02:06:23 GMT | Method - GET | URL - /images/404.png | Status - 304
Date - Wed, 07 Jun 2023 02:07:02 GMT | Method - GET | URL - /forbidden | Status - 403
Date - Wed, 07 Jun 2023 02:07:02 GMT | Method - GET | URL - /stylesheets/style.css | Status - 304
Date - Wed, 07 Jun 2023 02:25:24 GMT | Method - GET | URL - / | Status - 200
Date - Wed, 07 Jun 2023 02:25:24 GMT | Method - GET | URL - /stylesheets/style.css | Status - 200
Date - Fri, 16 Jun 2023 11:21:33 GMT | Method - GET | URL - / | Status - 200
Date - Fri, 16 Jun 2023 11:21:33 GMT | Method - GET | URL - /stylesheets/style.css | Status - 304
Date - Fri, 16 Jun 2023 11:47:14 GMT | Method - GET | URL - /reg/Andrey/qwerty | Status - 200
Date - Fri, 16 Jun 2023 12:07:25 GMT | Method - GET | URL - /reg | Status - 500
Date - Fri, 16 Jun 2023 12:07:25 GMT | Method - GET | URL - /stylesheets/style.css | Status - 304
Date - Fri, 16 Jun 2023 12:07:53 GMT | Method - GET | URL - /reg/Andrey/qwerty | Status - 304
Date - Fri, 16 Jun 2023 12:07:57 GMT | Method - GET | URL - /reg | Status - 500
Date - Fri, 16 Jun 2023 12:07:57 GMT | Method - GET | URL - /stylesheets/style.css | Status - 304
Date - Fri, 16 Jun 2023 12:09:11 GMT | Method - GET | URL - /reg | Status - 500
Date - Fri, 16 Jun 2023 12:09:11 GMT | Method - GET | URL - /stylesheets/style.css | Status - 304
Date - Fri, 16 Jun 2023 12:09:13 GMT | Method - GET | URL - /reg | Status - 500
Date - Fri, 16 Jun 2023 12:09:13 GMT | Method - GET | URL - /stylesheets/style.css | Status - 304
Date - Fri, 16 Jun 2023 12:09:14 GMT | Method - GET | URL - /reg | Status - 500
Date - Fri, 16 Jun 2023 12:09:14 GMT | Method - GET | URL - /stylesheets/style.css | Status - 304
Date - Fri, 16 Jun 2023 12:09:14 GMT | Method - GET | URL - /reg | Status - 500
Date - Fri, 16 Jun 2023 12:09:14 GMT | Method - GET | URL - /stylesheets/style.css | Status - 304
Date - Fri, 16 Jun 2023 12:09:15 GMT | Method - GET | URL - /reg | Status - 500
Date - Fri, 16 Jun 2023 12:09:15 GMT | Method - GET | URL - /stylesheets/style.css | Status - 304
Date - Fri, 16 Jun 2023 12:09:15 GMT | Method - GET | URL - /reg | Status - 500
Date - Fri, 16 Jun 2023 12:09:15 GMT | Method - GET | URL - /stylesheets/style.css | Status - 304
Date - Fri, 16 Jun 2023 12:09:15 GMT | Method - GET | URL - /reg | Status - 500
Date - Fri, 16 Jun 2023 12:09:15 GMT | Method - GET | URL - /stylesheets/style.css | Status - 304
Date - Fri, 16 Jun 2023 12:09:15 GMT | Method - GET | URL - /reg | Status - 500
Date - Fri, 16 Jun 2023 12:09:15 GMT | Method - GET | URL - /stylesheets/style.css | Status - 304
Date - Fri, 16 Jun 2023 12:09:15 GMT | Method - GET | URL - /reg | Status - 500
Date - Fri, 16 Jun 2023 12:09:15 GMT | Method - GET | URL - /stylesheets/style.css | Status - 304
Date - Fri, 16 Jun 2023 12:09:16 GMT | Method - GET | URL - /reg | Status - 500
Date - Fri, 16 Jun 2023 12:09:16 GMT | Method - GET | URL - /stylesheets/style.css | Status - 304
Date - Fri, 16 Jun 2023 12:09:16 GMT | Method - GET | URL - /reg | Status - 500
Date - Fri, 16 Jun 2023 12:09:16 GMT | Method - GET | URL - /stylesheets/style.css | Status - 304
Date - Fri, 16 Jun 2023 12:09:16 GMT | Method - GET | URL - /reg | Status - 500
Date - Fri, 16 Jun 2023 12:09:16 GMT | Method - GET | URL - /stylesheets/style.css | Status - 304
Date - Fri, 16 Jun 2023 12:09:16 GMT | Method - GET | URL - /reg | Status - 500
Date - Fri, 16 Jun 2023 12:09:16 GMT | Method - GET | URL - /stylesheets/style.css | Status - 304
Date - Fri, 16 Jun 2023 12:09:16 GMT | Method - GET | URL - /reg | Status - 500
Date - Fri, 16 Jun 2023 12:09:16 GMT | Method - GET | URL - /stylesheets/style.css | Status - 304
Date - Fri, 16 Jun 2023 12:09:28 GMT | Method - GET | URL - /test | Status - 200
Date - Fri, 16 Jun 2023 12:10:46 GMT | Method - GET | URL - /reg | Status - 500
Date - Fri, 16 Jun 2023 12:10:46 GMT | Method - GET | URL - /stylesheets/style.css | Status - 304
Date - Fri, 16 Jun 2023 12:11:20 GMT | Method - GET | URL - /reg | Status - 200
Date - Fri, 16 Jun 2023 12:11:20 GMT | Method - GET | URL - /stylesheets/style.css | Status - 304
Date - Fri, 16 Jun 2023 12:42:08 GMT | Method - GET | URL - /reg | Status - 200
Date - Fri, 16 Jun 2023 12:42:08 GMT | Method - GET | URL - /stylesheets/style.css | Status - 304
Date - Fri, 16 Jun 2023 12:48:19 GMT | Method - GET | URL - /reg | Status - 200
Date - Fri, 16 Jun 2023 12:48:19 GMT | Method - GET | URL - /stylesheets/style.css | Status - 304
Date - Fri, 16 Jun 2023 12:49:52 GMT | Method - POST | URL - /reg | Status - 200
Date - Fri, 16 Jun 2023 13:04:37 GMT | Method - GET | URL - /reg | Status - 200
Date - Fri, 16 Jun 2023 13:04:37 GMT | Method - GET | URL - /stylesheets/style.css | Status - 304
Date - Fri, 16 Jun 2023 13:04:46 GMT | Method - POST | URL - /reg | Status - 200
Date - Fri, 16 Jun 2023 13:04:54 GMT | Method - GET | URL - /reg | Status - 200
Date - Fri, 16 Jun 2023 13:07:24 GMT | Method - POST | URL - /reg | Status - 200
